<?xml version="1.0" encoding="utf-8"?><testsuites><testsuite name="pytest" errors="0" failures="0" skipped="0" tests="3" time="7.987" timestamp="2024-08-08T05:16:24.257015" hostname="gw1.local"><testcase classname="meas_extensions_shapeAnaCal.tests.test_fpfs.FpfsBaseTestCase" name="test_fpfs_shear_estimate" time="0.030" /><testcase classname="meas_extensions_shapeAnaCal.tests.test_fpfs.FpfsBaseTestCase" name="test_validate_config" time="0.019" /><testcase classname="meas_extensions_shapeAnaCal.tests.test_fpfs.TestMemory" name="testFileDescriptorLeaks" time="0.118" /></testsuite></testsuites>